
Showing logs for build [32mmuta-robot-rust-demo-master-q82jk-1[0m stage [32mfrom-build-pack[0m and container [32mstep-credential-initializer-6874w[0m
{"level":"info","ts":1594019315.7469232,"logger":"fallback-logger","caller":"logging/config.go:69","msg":"Fetch GitHub commit ID from kodata failed: open /var/run/ko/refs/heads/0.8.0-ns-support: no such file or directory"}
{"level":"info","ts":1594019315.7471673,"logger":"fallback-logger","caller":"creds-init/main.go:40","msg":"Credentials initialized."}

Showing logs for build [32mmuta-robot-rust-demo-master-q82jk-1[0m stage [32mfrom-build-pack[0m and container [32mstep-working-dir-initializer-c7ghn[0m
{"level":"info","ts":1594019316.2874475,"logger":"fallback-logger","caller":"logging/config.go:69","msg":"Fetch GitHub commit ID from kodata failed: open /var/run/ko/HEAD: no such file or directory"}
{"level":"info","ts":1594019316.288073,"logger":"fallback-logger","caller":"bash/main.go:64","msg":"Successfully executed command \"sh -c mkdir -p /workspace/source\"; output "}

Showing logs for build [32mmuta-robot-rust-demo-master-q82jk-1[0m stage [32mfrom-build-pack[0m and container [32mstep-place-tools[0m

Showing logs for build [32mmuta-robot-rust-demo-master-q82jk-1[0m stage [32mfrom-build-pack[0m and container [32mstep-git-source-muta-robot-rust-demo-master-q82jk-6s799[0m
{"level":"info","ts":1594019323.4140892,"logger":"fallback-logger","caller":"logging/config.go:69","msg":"Fetch GitHub commit ID from kodata failed: open /var/run/ko/refs/heads/0.8.0-ns-support: no such file or directory"}
{"level":"info","ts":1594019324.8833091,"logger":"fallback-logger","caller":"git/git.go:103","msg":"Successfully cloned https://github.com/**********/rust-demo.git @ v0.0.1 in path /workspace/source"}

Showing logs for build [32mmuta-robot-rust-demo-master-q82jk-1[0m stage [32mfrom-build-pack[0m and container [32mstep-setup-builder-home[0m

Showing logs for build [32mmuta-robot-rust-demo-master-q82jk-1[0m stage [32mfrom-build-pack[0m and container [32mstep-git-merge[0m
Using SHAs from PULL_REFS=master:
WARNING: no SHAs to merge, falling back to initial cloned commit

Showing logs for build [32mmuta-robot-rust-demo-master-q82jk-1[0m stage [32mfrom-build-pack[0m and container [32mstep-setup-jx-git-credentials[0m
Generated Git credentials file /workspace/xdg_config/git/credentials

Showing logs for build [32mmuta-robot-rust-demo-master-q82jk-1[0m stage [32mfrom-build-pack[0m and container [32mstep-build-rustup[0m
info: syncing channel updates for 'nightly-x86_64-unknown-linux-gnu'
info: latest update on 2020-07-06, rust version 1.46.0-nightly (2753fab7c 2020-07-05)
info: downloading component 'cargo'
info: downloading component 'clippy'
info: downloading component 'rust-docs'
info: downloading component 'rust-std'
info: downloading component 'rustc'
info: downloading component 'rustfmt'
info: installing component 'cargo'
info: installing component 'clippy'
info: installing component 'rust-docs'
info: installing component 'rust-std'
info: installing component 'rustc'
info: installing component 'rustfmt'
info: override toolchain for '/workspace/source' set to 'nightly-x86_64-unknown-linux-gnu'

  nightly-x86_64-unknown-linux-gnu installed - rustc 1.46.0-nightly (2753fab7c 2020-07-05)


Showing logs for build [32mmuta-robot-rust-demo-master-q82jk-1[0m stage [32mfrom-build-pack[0m and container [32mstep-build-cargo-install[0m
warning: Using `cargo install` to install the binaries for the package in current working directory is deprecated, use `cargo install --path .` instead. Use `cargo build` if you want to simply build the package.
  Installing rust-demo v0.1.0 (/workspace/source)
    Updating crates.io index
error: failed to compile `rust-demo v0.1.0 (/workspace/source)`, intermediate artifacts can be found at `/workspace/source/target`

Caused by:
  failed to select a version for the requirement `ring = "^0.11.0"`
  candidate versions found which didn't match: 0.16.15, 0.16.14, 0.16.13, ...
  location searched: crates.io index
  required by package `cookie v0.9.1`
      ... which is depended on by `rocket v0.3.6`
      ... which is depended on by `rust-demo v0.1.0 (/workspace/source)`
[31m
Pipeline failed on stage 'from-build-pack' : container 'step-build-cargo-install'. The execution of the pipeline has stopped.[0m
